<?xml version="1.0" encoding="UTF-8"?>
<beans xmlns="http://www.springframework.org/schema/beans"
       xmlns:xsi="http://www.w3.org/2001/XMLSchema-instance"
       xsi:schemaLocation="http://www.springframework.org/schema/beans http://www.springframework.org/schema/beans/spring-beans.xsd">

      <!-- Add DataSource bean -->
    <bean id="dataSource" class="org.springframework.jdbc.datasource.SimpleDriverDataSource">
          <property name="driverClass" value="com.mysql.cj.jdbc.Driver" />
          <property name="url" value="jdbc:mysql://localhost:3306/testdb?useSSL=false&amp;serverTimezone=UTC" />
          <property name="username" value="root" />
          <property name="password" value="admin" />
    </bean>

      <bean id="userDao" class="springbook.user.dao.UserDao">
          <property name="dataSource" ref="dataSource" />
      </bean>

</beans>